2026-02-04 22:23:05,959 DEBUG    root            Loaded Command Group: ['gcloud', 'auth']
2026-02-04 22:23:06,441 DEBUG    root            Loaded Command Group: ['gcloud', 'auth', 'login']
2026-02-04 22:23:06,444 DEBUG    root            Running [gcloud.auth.login] with arguments: []
2026-02-04 22:23:13,101 DEBUG    requests_oauthlib.oauth2_session Generated new state 3okApW6JpnDxt9qQ5UhdN6g8Li4TYY.
2026-02-04 22:23:13,102 INFO     ___FILE_ONLY___ Go to the following link in your browser, and complete the sign-in prompts:

    https://accounts.google.com/o/oauth2/auth?response_type=code&client_id=32555940559.apps.googleusercontent.com&redirect_uri=https%3A%2F%2Fsdk.cloud.google.com%2Fauthcode.html&scope=openid+https%3A%2F%2Fwww.googleapis.com%2Fauth%2Fuserinfo.email+https%3A%2F%2Fwww.googleapis.com%2Fauth%2Fcloud-platform+https%3A%2F%2Fwww.googleapis.com%2Fauth%2Fappengine.admin+https%3A%2F%2Fwww.googleapis.com%2Fauth%2Fsqlservice.login+https%3A%2F%2Fwww.googleapis.com%2Fauth%2Fcompute+https%3A%2F%2Fwww.googleapis.com%2Fauth%2Faccounts.reauth&state=3okApW6JpnDxt9qQ5UhdN6g8Li4TYY&prompt=consent&token_usage=remote&access_type=offline&code_challenge=qV0OQy8bh2eD2nDc_u2Y8LxBX3MW0DoKib8he1iAKH0&code_challenge_method=S256


2026-02-04 22:24:28,363 DEBUG    requests_oauthlib.oauth2_session Requesting url https://oauth2.googleapis.com/token using method POST.
2026-02-04 22:24:28,363 DEBUG    requests_oauthlib.oauth2_session Supplying headers {b'Accept': b'application/json', b'Content-Type': b'application/x-www-form-urlencoded;charset=UTF-8', b'user-agent': b'google-cloud-sdk gcloud/480.0.0 command/gcloud.auth.login invocation-id/145ac26469154e39915c87b6d3267afd environment/GCE environment-version/None client-os/LINUX client-os-ver/5.10.0 client-pltf-arch/x86_64 interactive/True from-script/False python/3.11.8 term/xterm-256color (Linux 5.10.0-30-cloud-amd64)'} and data {'grant_type': 'authorization_code', 'client_id': '32555940559.apps.googleusercontent.com', 'client_secret': 'ZmssLNjJy2998hD4CTg2ejr2', 'code': '4/0ASc3gC1RUUHLdY_LPU2AKj3w381x_dQAqtu712pbrORbVw53k_zyWGBdkf-9J6y92bB9iA', 'redirect_uri': 'https://sdk.cloud.google.com/authcode.html', 'code_verifier': '-3Uns-5HVLz9jWJ1YcTiil3HM9GkXltRR1oGV0tmCou5XNvkHWFbs5i_cYhdqHOFx6_RgI1zHYW1WTvAzXLfOylQtLXUQqtVNgZBXpb5m-O9VP4nZmlkLaXRP~qvnenH'}
2026-02-04 22:24:28,363 DEBUG    requests_oauthlib.oauth2_session Passing through key word arguments {'json': None, 'timeout': None, 'auth': None, 'verify': None, 'proxies': None}.
2026-02-04 22:24:28,365 DEBUG    urllib3.connectionpool Starting new HTTPS connection (1): oauth2.googleapis.com:443
2026-02-04 22:24:28,467 DEBUG    urllib3.connectionpool https://oauth2.googleapis.com:443 "POST /token HTTP/1.1" 200 None
2026-02-04 22:24:28,468 DEBUG    requests_oauthlib.oauth2_session Prepared fetch token request body grant_type=authorization_code&client_id=32555940559.apps.googleusercontent.com&client_secret=ZmssLNjJy2998hD4CTg2ejr2&code=4%2F0ASc3gC1RUUHLdY_LPU2AKj3w381x_dQAqtu712pbrORbVw53k_zyWGBdkf-9J6y92bB9iA&redirect_uri=https%3A%2F%2Fsdk.cloud.google.com%2Fauthcode.html&code_verifier=-3Uns-5HVLz9jWJ1YcTiil3HM9GkXltRR1oGV0tmCou5XNvkHWFbs5i_cYhdqHOFx6_RgI1zHYW1WTvAzXLfOylQtLXUQqtVNgZBXpb5m-O9VP4nZmlkLaXRP~qvnenH
2026-02-04 22:24:28,469 DEBUG    requests_oauthlib.oauth2_session Request to fetch token completed with status 200.
2026-02-04 22:24:28,469 DEBUG    requests_oauthlib.oauth2_session Request headers were {'user-agent': b'google-cloud-sdk gcloud/480.0.0 command/gcloud.auth.login invocation-id/145ac26469154e39915c87b6d3267afd environment/GCE environment-version/None client-os/LINUX client-os-ver/5.10.0 client-pltf-arch/x86_64 interactive/True from-script/False python/3.11.8 term/xterm-256color (Linux 5.10.0-30-cloud-amd64)', 'Accept-Encoding': 'gzip, deflate', 'Accept': b'application/json', 'Connection': 'keep-alive', 'Content-Type': b'application/x-www-form-urlencoded;charset=UTF-8', 'Content-Length': '405'}
2026-02-04 22:24:28,469 DEBUG    requests_oauthlib.oauth2_session Request body was grant_type=authorization_code&client_id=32555940559.apps.googleusercontent.com&client_secret=ZmssLNjJy2998hD4CTg2ejr2&code=4%2F0ASc3gC1RUUHLdY_LPU2AKj3w381x_dQAqtu712pbrORbVw53k_zyWGBdkf-9J6y92bB9iA&redirect_uri=https%3A%2F%2Fsdk.cloud.google.com%2Fauthcode.html&code_verifier=-3Uns-5HVLz9jWJ1YcTiil3HM9GkXltRR1oGV0tmCou5XNvkHWFbs5i_cYhdqHOFx6_RgI1zHYW1WTvAzXLfOylQtLXUQqtVNgZBXpb5m-O9VP4nZmlkLaXRP~qvnenH
2026-02-04 22:24:28,469 DEBUG    requests_oauthlib.oauth2_session Response headers were {'Expires': 'Mon, 01 Jan 1990 00:00:00 GMT', 'Cache-Control': 'no-cache, no-store, max-age=0, must-revalidate', 'Pragma': 'no-cache', 'Date': 'Wed, 04 Feb 2026 22:24:28 GMT', 'Content-Type': 'application/json; charset=utf-8', 'Vary': 'Origin, X-Origin, Referer', 'Content-Encoding': 'gzip', 'Server': 'scaffolding on HTTPServer2', 'X-XSS-Protection': '0', 'X-Frame-Options': 'SAMEORIGIN', 'X-Content-Type-Options': 'nosniff', 'Transfer-Encoding': 'chunked'} and content {
  "access_token": "ya29.a0AUMWg_LvsIIao1Ad1bKD8NfzyAGTZXQyH-zOeQQ0yGyiIPLGmev6co_CN9cQHQDv7y7F_2szKHB4f3sJ1jFpCTmy4LJJAwT6wHhVtBlToX1tb9fWe4nFfFSst6SGQJNhGBSCO3sCNVoZwegG7VWl1Qi-YUN8jngOtUc5DO6DcUHFpcnn9Rjto0XjMeGS3-K_0_sRB6jsYpTCaCgYKAZgSARASFQHGX2MiRDGef8eapcSbxwaYJqDW3A0211",
  "expires_in": 3599,
  "refresh_token": "1//04LdmEY3wMPhNCgYIARAAGAQSNwF-L9Ir77XS_VFr6fZmYIyRw68DNZiNQrd6AGHahbxXKJ68pKGe2f7L2CA-ZIhtgjiA0wWgR3Q",
  "scope": "https://www.googleapis.com/auth/compute https://www.googleapis.com/auth/sqlservice.login https://www.googleapis.com/auth/accounts.reauth https://www.googleapis.com/auth/appengine.admin https://www.googleapis.com/auth/cloud-platform https://www.googleapis.com/auth/userinfo.email openid",
  "token_type": "Bearer",
  "id_token": "eyJhbGciOiJSUzI1NiIsImtpZCI6Ijg2MzBhNzFiZDZlYzFjNjEyNTdhMjdmZjJlZmQ5MTg3MmVjYWIxZjYiLCJ0eXAiOiJKV1QifQ.eyJpc3MiOiJodHRwczovL2FjY291bnRzLmdvb2dsZS5jb20iLCJhenAiOiIzMjU1NTk0MDU1OS5hcHBzLmdvb2dsZXVzZXJjb250ZW50LmNvbSIsImF1ZCI6IjMyNTU1OTQwNTU5LmFwcHMuZ29vZ2xldXNlcmNvbnRlbnQuY29tIiwic3ViIjoiMTAzNDQ0ODkwMDM0MjE4NzE3MDU2IiwiaGQiOiJxd2lrbGFicy5uZXQiLCJlbWFpbCI6InN0dWRlbnQtMDAtYzhkOWNhYjAyZTI4QHF3aWtsYWJzLm5ldCIsImVtYWlsX3ZlcmlmaWVkIjp0cnVlLCJhdF9oYXNoIjoiMlNNTVBYTTFoeFhYM2V6UkNvaFRsZyIsImlhdCI6MTc3MDI0Mzg2OCwiZXhwIjoxNzcwMjQ3NDY4fQ.TkTJUgUB-CuVIiemj3yc1NnqEegxYcjI6Ji_l1id2OMGVtG7F1fjtDpCMG9NTHcxBkZ1NuF1xmGMCTgCkZKL6wY1QWVIMAspPD1D1TMezmrf_lFx-2urWz39yWgj7PrYLIBfAFd6OXhWYjsBMio9ByRZauDltawU9SU1Mk42v2pKZElEPSfbJD4CmawAmU1zozYQJHTbZySHiUhNrSENHnEXEPRVfUpjpE0CJr0Jnf_IQtHMBrEp8HsjbOSgE5xz1kFWqSMQ1kzDYP_j8HWKqMM5RY8oDQuRIHp-qU87LBIQ90AlAEZGO0zfERWPUye2TQGF9Uly9yZ2x5PAlL0KZg"
}.
2026-02-04 22:24:28,469 DEBUG    requests_oauthlib.oauth2_session Invoking 0 token response hooks.
2026-02-04 22:24:28,470 DEBUG    requests_oauthlib.oauth2_session Obtained token {'access_token': 'ya29.a0AUMWg_LvsIIao1Ad1bKD8NfzyAGTZXQyH-zOeQQ0yGyiIPLGmev6co_CN9cQHQDv7y7F_2szKHB4f3sJ1jFpCTmy4LJJAwT6wHhVtBlToX1tb9fWe4nFfFSst6SGQJNhGBSCO3sCNVoZwegG7VWl1Qi-YUN8jngOtUc5DO6DcUHFpcnn9Rjto0XjMeGS3-K_0_sRB6jsYpTCaCgYKAZgSARASFQHGX2MiRDGef8eapcSbxwaYJqDW3A0211', 'expires_in': 3599, 'refresh_token': '1//04LdmEY3wMPhNCgYIARAAGAQSNwF-L9Ir77XS_VFr6fZmYIyRw68DNZiNQrd6AGHahbxXKJ68pKGe2f7L2CA-ZIhtgjiA0wWgR3Q', 'scope': ['https://www.googleapis.com/auth/compute', 'https://www.googleapis.com/auth/sqlservice.login', 'https://www.googleapis.com/auth/accounts.reauth', 'https://www.googleapis.com/auth/appengine.admin', 'https://www.googleapis.com/auth/cloud-platform', 'https://www.googleapis.com/auth/userinfo.email', 'openid'], 'token_type': 'Bearer', 'id_token': 'eyJhbGciOiJSUzI1NiIsImtpZCI6Ijg2MzBhNzFiZDZlYzFjNjEyNTdhMjdmZjJlZmQ5MTg3MmVjYWIxZjYiLCJ0eXAiOiJKV1QifQ.eyJpc3MiOiJodHRwczovL2FjY291bnRzLmdvb2dsZS5jb20iLCJhenAiOiIzMjU1NTk0MDU1OS5hcHBzLmdvb2dsZXVzZXJjb250ZW50LmNvbSIsImF1ZCI6IjMyNTU1OTQwNTU5LmFwcHMuZ29vZ2xldXNlcmNvbnRlbnQuY29tIiwic3ViIjoiMTAzNDQ0ODkwMDM0MjE4NzE3MDU2IiwiaGQiOiJxd2lrbGFicy5uZXQiLCJlbWFpbCI6InN0dWRlbnQtMDAtYzhkOWNhYjAyZTI4QHF3aWtsYWJzLm5ldCIsImVtYWlsX3ZlcmlmaWVkIjp0cnVlLCJhdF9oYXNoIjoiMlNNTVBYTTFoeFhYM2V6UkNvaFRsZyIsImlhdCI6MTc3MDI0Mzg2OCwiZXhwIjoxNzcwMjQ3NDY4fQ.TkTJUgUB-CuVIiemj3yc1NnqEegxYcjI6Ji_l1id2OMGVtG7F1fjtDpCMG9NTHcxBkZ1NuF1xmGMCTgCkZKL6wY1QWVIMAspPD1D1TMezmrf_lFx-2urWz39yWgj7PrYLIBfAFd6OXhWYjsBMio9ByRZauDltawU9SU1Mk42v2pKZElEPSfbJD4CmawAmU1zozYQJHTbZySHiUhNrSENHnEXEPRVfUpjpE0CJr0Jnf_IQtHMBrEp8HsjbOSgE5xz1kFWqSMQ1kzDYP_j8HWKqMM5RY8oDQuRIHp-qU87LBIQ90AlAEZGO0zfERWPUye2TQGF9Uly9yZ2x5PAlL0KZg', 'expires_at': 1770247467.4699433}.
2026-02-04 22:24:28,497 INFO     ___FILE_ONLY___ 
You are now logged in as [student-00-c8d9cab02e28@qwiklabs.net].
Your current project is [qwiklabs-gcp-01-517fc49314f1].  You can change this setting by running:
  $ gcloud config set project PROJECT_ID

2026-02-04 22:24:28,497 DEBUG    root            Chosen display Format:none
2026-02-04 22:24:28,498 INFO     root            Display format: "none"
2026-02-04 22:24:28,715 DEBUG    root            SDK update checks are disabled.
