2026-02-04 22:26:36,871 DEBUG    root            Loaded Command Group: ['gcloud', 'run']
2026-02-04 22:26:37,811 DEBUG    root            Loaded Command Group: ['gcloud', 'run', 'deploy']
2026-02-04 22:26:37,872 DEBUG    root            Running [gcloud.run.deploy] with arguments: [--allow-unauthenticated: "True", --image: "gcr.io/qwiklabs-gcp-01-517fc49314f1/ag-web_2026-02-04_22-24", --max-instances: "<googlecloudsdk.command_lib.run.flags._ScaleValue object at 0x7fcb4ca5ff50>", --min-instances: "<googlecloudsdk.command_lib.run.flags._ScaleValue object at 0x7fcb4ca6dcd0>", --platform: "managed", --region: "us-central1", SERVICE: "ag-web"]
2026-02-04 22:26:37,956 DEBUG    urllib3.connectionpool Starting new HTTPS connection (1): serviceusage.googleapis.com:443
2026-02-04 22:26:38,129 DEBUG    urllib3.connectionpool https://serviceusage.googleapis.com:443 "GET /v1/projects/qwiklabs-gcp-01-517fc49314f1/services/run.googleapis.com?alt=json HTTP/1.1" 200 None
2026-02-04 22:26:38,275 DEBUG    urllib3.connectionpool Starting new HTTPS connection (1): us-central1-run.googleapis.com:443
2026-02-04 22:26:38,400 DEBUG    urllib3.connectionpool https://us-central1-run.googleapis.com:443 "GET /apis/serving.knative.dev/v1/namespaces/qwiklabs-gcp-01-517fc49314f1/services/ag-web?alt=json HTTP/1.1" 404 None
2026-02-04 22:26:38,411 INFO     ___FILE_ONLY___ Deploying container to Cloud Run service [[1mag-web[m] in project [[1mqwiklabs-gcp-01-517fc49314f1[m] region [[1mus-central1[m]

2026-02-04 22:26:38,412 INFO     ___FILE_ONLY___ Deploying new service...
2026-02-04 22:26:38,429 DEBUG    urllib3.connectionpool Starting new HTTPS connection (1): us-central1-run.googleapis.com:443
2026-02-04 22:26:38,623 DEBUG    urllib3.connectionpool https://us-central1-run.googleapis.com:443 "POST /apis/serving.knative.dev/v1/namespaces/qwiklabs-gcp-01-517fc49314f1/services?alt=json HTTP/1.1" 200 None
2026-02-04 22:26:38,633 DEBUG    urllib3.connectionpool Starting new HTTPS connection (1): run.googleapis.com:443
2026-02-04 22:26:38,806 DEBUG    urllib3.connectionpool https://run.googleapis.com:443 "GET /v1/projects/qwiklabs-gcp-01-517fc49314f1/locations/us-central1/services/ag-web:getIamPolicy?alt=json HTTP/1.1" 200 None
2026-02-04 22:26:38,811 DEBUG    urllib3.connectionpool Starting new HTTPS connection (1): run.googleapis.com:443
2026-02-04 22:26:39,082 DEBUG    urllib3.connectionpool https://run.googleapis.com:443 "POST /v1/projects/qwiklabs-gcp-01-517fc49314f1/locations/us-central1/services/ag-web:setIamPolicy?alt=json HTTP/1.1" 200 None
2026-02-04 22:26:39,101 DEBUG    urllib3.connectionpool Starting new HTTPS connection (1): us-central1-run.googleapis.com:443
2026-02-04 22:27:02,488 DEBUG    urllib3.connectionpool https://us-central1-run.googleapis.com:443 "POST /v1/projects/qwiklabs-gcp-01-517fc49314f1/locations/us-central1/operations/be151e8e-e05f-425b-8b1b-c8bab6d9b69f:wait?alt=json HTTP/1.1" 200 None
2026-02-04 22:27:02,540 DEBUG    urllib3.connectionpool Starting new HTTPS connection (1): us-central1-run.googleapis.com:443
2026-02-04 22:27:02,612 DEBUG    urllib3.connectionpool https://us-central1-run.googleapis.com:443 "POST /v1/projects/qwiklabs-gcp-01-517fc49314f1/locations/us-central1/operations/be151e8e-e05f-425b-8b1b-c8bab6d9b69f:wait?alt=json HTTP/1.1" 200 None
2026-02-04 22:27:02,641 DEBUG    urllib3.connectionpool Starting new HTTPS connection (1): us-central1-run.googleapis.com:443
2026-02-04 22:27:02,748 DEBUG    urllib3.connectionpool https://us-central1-run.googleapis.com:443 "POST /v1/projects/qwiklabs-gcp-01-517fc49314f1/locations/us-central1/operations/be151e8e-e05f-425b-8b1b-c8bab6d9b69f:wait?alt=json HTTP/1.1" 200 None
2026-02-04 22:27:02,825 INFO     ___FILE_ONLY___ Service [[1mag-web[m] revision [[1mag-web-00001-w5h[m] has been deployed and is serving [1m100[m percent of traffic.
Service URL: [1mhttps://ag-web-338627235002.us-central1.run.app[m

2026-02-04 22:27:02,826 DEBUG    root            Chosen display Format:none
2026-02-04 22:27:02,826 INFO     root            Display format: "none"
2026-02-04 22:27:02,871 DEBUG    root            SDK update checks are disabled.
