2026-02-04 22:21:40.165 [info] Log level: Info
2026-02-04 22:21:40.165 [info] Validating found git in: "git"
2026-02-04 22:21:40.165 [info] Using git "2.30.2" from "git"
2026-02-04 22:21:40.165 [info] > git rev-parse --show-toplevel [9ms]
2026-02-04 22:21:40.165 [info] fatal: not a git repository (or any of the parent directories): .git
2026-02-04 22:21:40.165 [info] > git rev-parse --show-toplevel [3ms]
2026-02-04 22:21:40.165 [info] fatal: not a git repository (or any of the parent directories): .git
2026-02-04 22:21:40.165 [info] > git rev-parse --show-toplevel [3ms]
2026-02-04 22:21:40.165 [info] fatal: not a git repository (or any of the parent directories): .git
2026-02-04 22:21:40.165 [info] > git rev-parse --show-toplevel [4ms]
2026-02-04 22:21:40.165 [info] fatal: not a git repository (or any of the parent directories): .git
2026-02-04 22:21:40.165 [info] > git rev-parse --show-toplevel [3ms]
2026-02-04 22:21:40.165 [info] fatal: not a git repository (or any of the parent directories): .git
2026-02-04 22:21:40.165 [info] > git rev-parse --show-toplevel [53ms]
2026-02-04 22:21:40.165 [info] > git rev-parse --git-dir --git-common-dir [3ms]
2026-02-04 22:21:40.165 [info] Open repository: /home/ide-dev/.oh-my-bash
2026-02-04 22:21:40.165 [info] > git rev-parse --show-toplevel [11ms]
2026-02-04 22:21:40.165 [info] fatal: not a git repository (or any of the parent directories): .git
2026-02-04 22:21:40.165 [info] > git rev-parse --show-toplevel [16ms]
2026-02-04 22:21:40.165 [info] fatal: not a git repository (or any of the parent directories): .git
2026-02-04 22:21:40.165 [info] > git rev-parse --show-toplevel [79ms]
2026-02-04 22:21:40.165 [info] > git config --get commit.template [120ms]
2026-02-04 22:21:40.165 [info] > git rev-parse --git-dir --git-common-dir [12ms]
2026-02-04 22:21:40.165 [info] Open repository: /home/ide-dev/flutter
2026-02-04 22:21:40.165 [info] > git config --get commit.template [13ms]
2026-02-04 22:21:40.165 [info] > git for-each-ref --format=%(refname)%00%(upstream:short)%00%(objectname)%00%(upstream:track)%00%(upstream:remotename)%00%(upstream:remoteref) refs/heads/master refs/remotes/master [167ms]
2026-02-04 22:21:40.165 [info] > git status -z -uall [86ms]
2026-02-04 22:21:40.165 [info] > git for-each-ref --format=%(refname)%00%(upstream:short)%00%(objectname)%00%(upstream:track)%00%(upstream:remotename)%00%(upstream:remoteref) refs/heads/stable refs/remotes/stable [679ms]
2026-02-04 22:21:40.165 [info] > git config --get commit.template [487ms]
2026-02-04 22:21:40.165 [info] > git check-ignore -v -z --stdin [21ms]
2026-02-04 22:21:40.165 [info] > git for-each-ref --format=%(refname)%00%(upstream:short)%00%(objectname)%00%(upstream:track)%00%(upstream:remotename)%00%(upstream:remoteref) refs/heads/master refs/remotes/master [51ms]
2026-02-04 22:21:40.165 [info] > git check-ignore -v -z --stdin [42ms]
2026-02-04 22:21:40.165 [info] > git status -z -uall [61ms]
2026-02-04 22:21:40.165 [info] > git rev-parse --show-toplevel [156ms]
2026-02-04 22:21:40.165 [info] fatal: not a git repository (or any of the parent directories): .git
2026-02-04 22:21:40.332 [info] > git check-ignore -v -z --stdin [11ms]
2026-02-04 22:21:40.341 [info] > git check-ignore -v -z --stdin [10ms]
2026-02-04 22:21:40.752 [info] > git status -z -uall [1011ms]
2026-02-04 22:21:42.694 [info] > git config --get commit.template [28ms]
2026-02-04 22:21:42.768 [info] > git for-each-ref --format=%(refname)%00%(upstream:short)%00%(objectname)%00%(upstream:track)%00%(upstream:remotename)%00%(upstream:remoteref) refs/heads/stable refs/remotes/stable [61ms]
2026-02-04 22:21:43.147 [info] > git status -z -uall [343ms]
2026-02-04 22:30:05.699 [info] > git rev-parse --show-toplevel [2ms]
2026-02-04 22:30:05.707 [info] > git rev-parse --git-dir --git-common-dir [1ms]
2026-02-04 22:30:05.718 [info] Open repository: /home/ide-dev
2026-02-04 22:30:05.738 [info] No remotes found in the git config file.
2026-02-04 22:30:05.739 [info] > git config --get commit.template [10ms]
2026-02-04 22:30:05.740 [info] > git for-each-ref --format=%(refname)%00%(upstream:short)%00%(objectname)%00%(upstream:track)%00%(upstream:remotename)%00%(upstream:remoteref) refs/heads/master refs/remotes/master [3ms]
2026-02-04 22:30:05.853 [info] > git status -z -uall [105ms] (cancelled)
2026-02-04 22:30:06.501 [info] > git check-ignore -v -z --stdin [20ms]
2026-02-04 22:30:06.504 [info] > git check-ignore -v -z --stdin [14ms]
2026-02-04 22:30:06.505 [info] > git check-ignore -v -z --stdin [7ms]
2026-02-04 22:31:17.013 [info] > git config --get commit.template [9ms]
2026-02-04 22:31:17.015 [info] > git config --get commit.template [3ms]
2026-02-04 22:31:17.032 [info] > git for-each-ref --format=%(refname)%00%(upstream:short)%00%(objectname)%00%(upstream:track)%00%(upstream:remotename)%00%(upstream:remoteref) refs/heads/master refs/remotes/master [9ms]
2026-02-04 22:31:17.041 [info] > git for-each-ref --format=%(refname)%00%(upstream:short)%00%(objectname)%00%(upstream:track)%00%(upstream:remotename)%00%(upstream:remoteref) refs/heads/stable refs/remotes/stable [11ms]
2026-02-04 22:31:17.052 [info] > git status -z -uall [12ms]
2026-02-04 22:31:17.268 [info] > git status -z -uall [217ms]
2026-02-04 22:45:34.847 [info] > git check-ignore -v -z --stdin [7ms]
2026-02-04 22:45:38.194 [info] > git check-ignore -v -z --stdin [6ms]
2026-02-04 22:45:40.969 [info] > git check-ignore -v -z --stdin [7ms]
2026-02-04 23:12:58.760 [info] > git show --textconv :ag-web/app/app.py [30ms]
2026-02-04 23:12:58.769 [info] > git ls-files --stage -- /home/ide-dev/ag-web/app/app.py [10ms]
2026-02-04 23:12:58.790 [info] > git cat-file -s c5e9b13a04adc0fc7ddb5c2a43a1d6fb6b1f81a9 [5ms]
2026-02-04 23:13:58.891 [info] > git ls-files --stage -- /home/ide-dev/ag-web/app/app.py [7ms]
2026-02-04 23:13:58.906 [info] > git cat-file -s c5e9b13a04adc0fc7ddb5c2a43a1d6fb6b1f81a9 [2ms]
2026-02-04 23:13:59.257 [info] > git show --textconv :ag-web/app/app.py [7ms]
2026-02-04 23:16:00.263 [info] > git ls-files --stage -- /home/ide-dev/ag-web/app/app.py [5ms]
2026-02-04 23:16:00.274 [info] > git cat-file -s c5e9b13a04adc0fc7ddb5c2a43a1d6fb6b1f81a9 [2ms]
2026-02-04 23:16:00.521 [info] > git show --textconv :ag-web/app/app.py [7ms]
2026-02-04 23:18:05.727 [info] > git config --get commit.template [2ms]
2026-02-04 23:18:05.741 [info] > git for-each-ref --format=%(refname)%00%(upstream:short)%00%(objectname)%00%(upstream:track)%00%(upstream:remotename)%00%(upstream:remoteref) refs/heads/stable refs/remotes/stable [2ms]
2026-02-04 23:18:06.107 [info] > git status -z -uall [354ms]
2026-02-04 23:18:08.535 [info] > git check-ignore -v -z --stdin [42ms]
2026-02-04 23:18:18.731 [info] > git config --get commit.template [21ms]
2026-02-04 23:18:18.735 [info] > git for-each-ref --format=%(refname)%00%(upstream:short)%00%(objectname)%00%(upstream:track)%00%(upstream:remotename)%00%(upstream:remoteref) refs/heads/stable refs/remotes/stable [8ms]
2026-02-04 23:18:18.981 [info] > git status -z -uall [232ms]
2026-02-04 23:18:21.598 [info] > git check-ignore -v -z --stdin [9ms]
2026-02-04 23:18:24.780 [info] > git ls-files --stage -- /home/ide-dev/ag-web/app/app.py [4ms]
2026-02-04 23:18:24.792 [info] > git cat-file -s c5e9b13a04adc0fc7ddb5c2a43a1d6fb6b1f81a9 [2ms]
2026-02-04 23:18:25.133 [info] > git show --textconv :ag-web/app/app.py [7ms]
2026-02-04 23:18:42.260 [info] > git check-ignore -v -z --stdin [13ms]
2026-02-04 23:19:08.665 [info] > git check-ignore -v -z --stdin [9ms]
2026-02-04 23:19:09.896 [info] > git check-ignore -v -z --stdin [11ms]
2026-02-04 23:19:15.894 [info] > git check-ignore -v -z --stdin [9ms]
2026-02-04 23:19:16.586 [info] > git check-ignore -v -z --stdin [8ms]
2026-02-04 23:19:43.494 [info] > git check-ignore -v -z --stdin [9ms]
2026-02-04 23:19:45.355 [info] > git show --textconv :chat_app/lib/main.dart [14ms]
2026-02-04 23:19:45.360 [info] > git ls-files --stage -- /home/ide-dev/chat_app/lib/main.dart [6ms]
2026-02-04 23:20:32.748 [info] > git config --get commit.template [24ms]
2026-02-04 23:20:32.763 [info] > git for-each-ref --format=%(refname)%00%(upstream:short)%00%(objectname)%00%(upstream:track)%00%(upstream:remotename)%00%(upstream:remoteref) refs/heads/stable refs/remotes/stable [18ms]
2026-02-04 23:20:33.342 [info] > git status -z -uall [549ms]
2026-02-04 23:22:07.003 [info] > git config --get commit.template [19ms]
2026-02-04 23:22:08.431 [info] > git for-each-ref --format=%(refname)%00%(upstream:short)%00%(objectname)%00%(upstream:track)%00%(upstream:remotename)%00%(upstream:remoteref) refs/heads/stable refs/remotes/stable [1431ms]
2026-02-04 23:22:08.959 [info] > git status -z -uall [496ms]
2026-02-04 23:36:52.797 [info] > git ls-files --stage -- /home/ide-dev/chat_app/pubspec.yaml [129ms]
2026-02-04 23:36:52.821 [info] > git show --textconv :chat_app/pubspec.yaml [213ms]
2026-02-04 23:46:32.703 [info] > git ls-files --stage -- /home/ide-dev/chat_app/lib/main.dart [40ms]
2026-02-04 23:46:32.704 [info] > git ls-files --stage -- /home/ide-dev/chat_app/pubspec.yaml [7ms]
2026-02-04 23:46:33.035 [info] > git show --textconv :chat_app/lib/main.dart [39ms]
2026-02-04 23:46:33.037 [info] > git show --textconv :chat_app/pubspec.yaml [7ms]
2026-02-04 23:46:43.802 [info] > git ls-files --stage -- /home/ide-dev/chat_app/lib/main.dart [49ms]
2026-02-04 23:46:43.808 [info] > git ls-files --stage -- /home/ide-dev/chat_app/pubspec.yaml [8ms]
2026-02-04 23:46:44.134 [info] > git show --textconv :chat_app/lib/main.dart [52ms]
2026-02-04 23:46:44.140 [info] > git show --textconv :chat_app/pubspec.yaml [8ms]
2026-02-04 23:46:56.553 [info] > git ls-files --stage -- /home/ide-dev/chat_app/lib/main.dart [52ms]
2026-02-04 23:46:56.556 [info] > git ls-files --stage -- /home/ide-dev/chat_app/pubspec.yaml [8ms]
2026-02-04 23:46:56.884 [info] > git show --textconv :chat_app/lib/main.dart [55ms]
2026-02-04 23:46:56.887 [info] > git show --textconv :chat_app/pubspec.yaml [8ms]
2026-02-04 23:47:23.467 [info] > git ls-files --stage -- /home/ide-dev/chat_app/lib/main.dart [41ms]
2026-02-04 23:47:23.470 [info] > git ls-files --stage -- /home/ide-dev/chat_app/pubspec.yaml [5ms]
2026-02-04 23:47:23.800 [info] > git show --textconv :chat_app/lib/main.dart [36ms]
2026-02-04 23:47:23.805 [info] > git show --textconv :chat_app/pubspec.yaml [7ms]
2026-02-04 23:47:33.178 [info] > git config --get commit.template [50ms]
2026-02-04 23:47:34.631 [info] > git for-each-ref --format=%(refname)%00%(upstream:short)%00%(objectname)%00%(upstream:track)%00%(upstream:remotename)%00%(upstream:remoteref) refs/heads/stable refs/remotes/stable [1454ms]
2026-02-04 23:47:35.063 [info] > git status -z -uall [386ms]
2026-02-04 23:47:42.650 [info] > git ls-files --stage -- /home/ide-dev/chat_app/lib/main.dart [49ms]
2026-02-04 23:47:42.655 [info] > git ls-files --stage -- /home/ide-dev/chat_app/pubspec.yaml [7ms]
2026-02-04 23:47:43.011 [info] > git show --textconv :chat_app/lib/main.dart [55ms]
2026-02-04 23:47:43.028 [info] > git show --textconv :chat_app/pubspec.yaml [18ms]
2026-02-04 23:47:49.112 [info] > git config --get commit.template [56ms]
2026-02-04 23:47:52.179 [info] > git for-each-ref --format=%(refname)%00%(upstream:short)%00%(objectname)%00%(upstream:track)%00%(upstream:remotename)%00%(upstream:remoteref) refs/heads/stable refs/remotes/stable [3069ms]
2026-02-04 23:47:52.582 [info] > git status -z -uall [330ms]
2026-02-04 23:47:55.918 [info] > git ls-files --stage -- /home/ide-dev/chat_app/lib/main.dart [56ms]
2026-02-04 23:47:55.929 [info] > git ls-files --stage -- /home/ide-dev/chat_app/pubspec.yaml [13ms]
2026-02-04 23:47:56.263 [info] > git show --textconv :chat_app/lib/main.dart [51ms]
2026-02-04 23:47:56.270 [info] > git show --textconv :chat_app/pubspec.yaml [8ms]
2026-02-04 23:49:26.508 [info] > git config --get commit.template [75ms]
2026-02-04 23:49:27.637 [info] > git for-each-ref --format=%(refname)%00%(upstream:short)%00%(objectname)%00%(upstream:track)%00%(upstream:remotename)%00%(upstream:remoteref) refs/heads/stable refs/remotes/stable [1131ms]
2026-02-04 23:49:27.967 [info] > git status -z -uall [262ms]
2026-02-04 23:50:29.105 [info] > git ls-files --stage -- /home/ide-dev/chat_app/lib/main.dart [66ms]
2026-02-04 23:50:29.109 [info] > git ls-files --stage -- /home/ide-dev/chat_app/pubspec.yaml [6ms]
2026-02-04 23:50:29.470 [info] > git show --textconv :chat_app/lib/main.dart [72ms]
2026-02-04 23:50:29.476 [info] > git show --textconv :chat_app/pubspec.yaml [8ms]
2026-02-04 23:50:35.836 [info] > git config --get commit.template [68ms]
2026-02-04 23:50:37.088 [info] > git for-each-ref --format=%(refname)%00%(upstream:short)%00%(objectname)%00%(upstream:track)%00%(upstream:remotename)%00%(upstream:remoteref) refs/heads/stable refs/remotes/stable [1253ms]
2026-02-04 23:50:37.454 [info] > git status -z -uall [283ms]
2026-02-04 23:50:41.340 [info] > git ls-files --stage -- /home/ide-dev/chat_app/lib/main.dart [48ms]
2026-02-04 23:50:41.343 [info] > git ls-files --stage -- /home/ide-dev/chat_app/pubspec.yaml [5ms]
2026-02-04 23:50:41.662 [info] > git show --textconv :chat_app/lib/main.dart [51ms]
2026-02-04 23:50:41.666 [info] > git show --textconv :chat_app/pubspec.yaml [6ms]
2026-02-04 23:50:49.998 [info] > git config --get commit.template [68ms]
2026-02-04 23:50:51.170 [info] > git for-each-ref --format=%(refname)%00%(upstream:short)%00%(objectname)%00%(upstream:track)%00%(upstream:remotename)%00%(upstream:remoteref) refs/heads/stable refs/remotes/stable [1174ms]
2026-02-04 23:50:51.563 [info] > git status -z -uall [329ms]
2026-02-04 23:51:49.061 [info] > git ls-files --stage -- /home/ide-dev/chat_app/lib/main.dart [103ms]
2026-02-04 23:51:49.091 [info] > git ls-files --stage -- /home/ide-dev/chat_app/pubspec.yaml [36ms]
2026-02-04 23:51:49.575 [info] > git show --textconv :chat_app/lib/main.dart [122ms]
2026-02-04 23:51:49.599 [info] > git show --textconv :chat_app/pubspec.yaml [27ms]
2026-02-04 23:52:03.519 [info] > git check-ignore -v -z --stdin [10ms]
2026-02-04 23:53:31.764 [info] > git ls-files --stage -- /home/ide-dev/chat_app/lib/main.dart [68ms]
2026-02-04 23:53:31.770 [info] > git ls-files --stage -- /home/ide-dev/chat_app/pubspec.yaml [9ms]
2026-02-04 23:53:32.141 [info] > git show --textconv :chat_app/lib/main.dart [74ms]
2026-02-04 23:53:32.144 [info] > git show --textconv :chat_app/pubspec.yaml [10ms]
2026-02-04 23:58:14.861 [info] > git config --get commit.template [92ms]
2026-02-04 23:58:16.149 [info] > git for-each-ref --format=%(refname)%00%(upstream:short)%00%(objectname)%00%(upstream:track)%00%(upstream:remotename)%00%(upstream:remoteref) refs/heads/stable refs/remotes/stable [1290ms]
2026-02-04 23:58:16.659 [info] > git status -z -uall [451ms]
2026-02-04 23:58:23.333 [info] > git ls-files --stage -- /home/ide-dev/chat_app/lib/main.dart [111ms]
2026-02-04 23:58:23.356 [info] > git ls-files --stage -- /home/ide-dev/chat_app/pubspec.yaml [24ms]
2026-02-04 23:58:23.944 [info] > git show --textconv :chat_app/lib/main.dart [118ms]
2026-02-04 23:58:23.967 [info] > git show --textconv :chat_app/pubspec.yaml [24ms]
2026-02-04 23:58:29.021 [info] > git config --get commit.template [170ms]
2026-02-04 23:58:31.780 [info] > git for-each-ref --format=%(refname)%00%(upstream:short)%00%(objectname)%00%(upstream:track)%00%(upstream:remotename)%00%(upstream:remoteref) refs/heads/stable refs/remotes/stable [2763ms]
2026-02-04 23:58:32.525 [info] > git status -z -uall [633ms]
2026-02-04 23:58:57.827 [info] > git ls-files --stage -- /home/ide-dev/chat_app/lib/main.dart [145ms]
2026-02-04 23:58:57.854 [info] > git ls-files --stage -- /home/ide-dev/chat_app/pubspec.yaml [29ms]
2026-02-04 23:58:58.266 [info] > git show --textconv :chat_app/lib/main.dart [89ms]
2026-02-04 23:58:58.276 [info] > git show --textconv :chat_app/pubspec.yaml [12ms]
2026-02-05 00:00:15.907 [info] > git ls-files --stage -- /home/ide-dev/chat_app/lib/main.dart [65ms]
2026-02-05 00:00:15.920 [info] > git ls-files --stage -- /home/ide-dev/chat_app/pubspec.yaml [15ms]
2026-02-05 00:00:16.298 [info] > git show --textconv :chat_app/lib/main.dart [54ms]
2026-02-05 00:00:16.303 [info] > git show --textconv :chat_app/pubspec.yaml [7ms]
2026-02-05 00:01:04.587 [info] > git ls-files --stage -- /home/ide-dev/chat_app/lib/main.dart [49ms]
2026-02-05 00:01:04.592 [info] > git ls-files --stage -- /home/ide-dev/chat_app/pubspec.yaml [6ms]
2026-02-05 00:01:04.951 [info] > git show --textconv :chat_app/lib/main.dart [67ms]
2026-02-05 00:01:04.956 [info] > git show --textconv :chat_app/pubspec.yaml [6ms]
2026-02-05 00:01:59.613 [info] > git ls-files --stage -- /home/ide-dev/chat_app/lib/main.dart [52ms]
2026-02-05 00:01:59.620 [info] > git ls-files --stage -- /home/ide-dev/chat_app/pubspec.yaml [9ms]
2026-02-05 00:01:59.958 [info] > git show --textconv :chat_app/lib/main.dart [53ms]
2026-02-05 00:01:59.964 [info] > git show --textconv :chat_app/pubspec.yaml [8ms]
