2026-02-04 22:33:22.420 [info] Reading sessions from keychain...
2026-02-04 22:33:22.420 [info] Getting sessions for all scopes...
2026-02-04 22:33:22.420 [info] Got 0 sessions for ...
2026-02-04 22:33:22.420 [info] Getting sessions for read:user,repo,user:email,workflow...
2026-02-04 22:33:22.420 [info] Got 0 sessions for read:user,repo,user:email,workflow...
2026-02-04 22:33:24.872 [info] Logging in for the following scopes: read:user repo user:email workflow
2026-02-04 22:33:25.859 [info] Trying device code flow... (read:user repo user:email workflow)
2026-02-04 22:34:02.725 [info] Getting user info...
2026-02-04 22:34:02.976 [info] Got account info!
2026-02-04 22:34:02.977 [info] Storing 1 sessions...
2026-02-04 22:34:03.349 [info] Getting user info...
2026-02-04 22:34:03.603 [info] Got account info!
2026-02-04 22:34:04.092 [info] Reading sessions from keychain...
2026-02-04 22:34:04.092 [info] Stored 1 sessions!
2026-02-04 22:34:04.093 [info] Login success!
2026-02-04 22:34:04.817 [info] Got stored sessions!
2026-02-04 22:34:04.817 [info] Got 1 verified sessions.
2026-02-04 22:34:24.889 [info] Getting sessions for read:user,repo,user:email,workflow...
2026-02-04 22:34:24.889 [info] Got 1 sessions for read:user,repo,user:email,workflow...
2026-02-04 22:36:06.986 [info] Getting sessions for read:user,repo,user:email,workflow...
2026-02-04 22:36:06.986 [info] Got 1 sessions for read:user,repo,user:email,workflow...
2026-02-04 22:38:11.804 [info] Getting sessions for read:user,repo,user:email,workflow...
2026-02-04 22:38:11.805 [info] Got 1 sessions for read:user,repo,user:email,workflow...
2026-02-05 00:04:12.638 [info] Getting sessions for read:user,repo,user:email,workflow...
2026-02-05 00:04:12.638 [info] Got 1 sessions for read:user,repo,user:email,workflow...
