2026-02-05 00:44:41,711 DEBUG    root            Loaded Command Group: ['gcloud', 'run']
2026-02-05 00:44:42,722 DEBUG    root            Loaded Command Group: ['gcloud', 'run', 'deploy']
2026-02-05 00:44:42,749 DEBUG    root            Running [gcloud.run.deploy] with arguments: [--allow-unauthenticated: "True", --image: "gcr.io/qwiklabs-gcp-01-517fc49314f1/ag-web_2026-02-05_00-43", --max-instances: "<googlecloudsdk.command_lib.run.flags._ScaleValue object at 0x7f952e91bf10>", --min-instances: "<googlecloudsdk.command_lib.run.flags._ScaleValue object at 0x7f952e929dd0>", --platform: "managed", --region: "us-central1", SERVICE: "ag-web"]
2026-02-05 00:44:42,827 DEBUG    urllib3.connectionpool Starting new HTTPS connection (1): serviceusage.googleapis.com:443
2026-02-05 00:44:43,029 DEBUG    urllib3.connectionpool https://serviceusage.googleapis.com:443 "GET /v1/projects/qwiklabs-gcp-01-517fc49314f1/services/run.googleapis.com?alt=json HTTP/1.1" 200 None
2026-02-05 00:44:43,159 DEBUG    urllib3.connectionpool Starting new HTTPS connection (1): us-central1-run.googleapis.com:443
2026-02-05 00:44:43,285 DEBUG    urllib3.connectionpool https://us-central1-run.googleapis.com:443 "GET /apis/serving.knative.dev/v1/namespaces/qwiklabs-gcp-01-517fc49314f1/services/ag-web?alt=json HTTP/1.1" 200 None
2026-02-05 00:44:43,298 INFO     ___FILE_ONLY___ Deploying container to Cloud Run service [[1mag-web[m] in project [[1mqwiklabs-gcp-01-517fc49314f1[m] region [[1mus-central1[m]

2026-02-05 00:44:43,299 INFO     ___FILE_ONLY___ Deploying...
2026-02-05 00:44:43,307 DEBUG    urllib3.connectionpool Starting new HTTPS connection (1): us-central1-run.googleapis.com:443
2026-02-05 00:44:43,560 DEBUG    urllib3.connectionpool https://us-central1-run.googleapis.com:443 "PUT /apis/serving.knative.dev/v1/namespaces/qwiklabs-gcp-01-517fc49314f1/services/ag-web?alt=json HTTP/1.1" 200 None
2026-02-05 00:44:43,572 DEBUG    urllib3.connectionpool Starting new HTTPS connection (1): run.googleapis.com:443
2026-02-05 00:44:43,705 DEBUG    urllib3.connectionpool https://run.googleapis.com:443 "GET /v1/projects/qwiklabs-gcp-01-517fc49314f1/locations/us-central1/services/ag-web:getIamPolicy?alt=json HTTP/1.1" 200 None
2026-02-05 00:44:43,710 DEBUG    urllib3.connectionpool Starting new HTTPS connection (1): run.googleapis.com:443
2026-02-05 00:44:43,984 DEBUG    urllib3.connectionpool https://run.googleapis.com:443 "POST /v1/projects/qwiklabs-gcp-01-517fc49314f1/locations/us-central1/services/ag-web:setIamPolicy?alt=json HTTP/1.1" 200 None
2026-02-05 00:44:44,003 DEBUG    urllib3.connectionpool Starting new HTTPS connection (1): us-central1-run.googleapis.com:443
2026-02-05 00:45:10,210 DEBUG    urllib3.connectionpool https://us-central1-run.googleapis.com:443 "POST /v1/projects/qwiklabs-gcp-01-517fc49314f1/locations/us-central1/operations/e61108a3-a4cf-41f7-b3dd-f0a877bf55d5:wait?alt=json HTTP/1.1" 200 None
2026-02-05 00:45:10,244 DEBUG    urllib3.connectionpool Starting new HTTPS connection (1): us-central1-run.googleapis.com:443
2026-02-05 00:45:10,359 DEBUG    urllib3.connectionpool https://us-central1-run.googleapis.com:443 "POST /v1/projects/qwiklabs-gcp-01-517fc49314f1/locations/us-central1/operations/e61108a3-a4cf-41f7-b3dd-f0a877bf55d5:wait?alt=json HTTP/1.1" 200 None
2026-02-05 00:45:10,393 DEBUG    urllib3.connectionpool Starting new HTTPS connection (1): us-central1-run.googleapis.com:443
2026-02-05 00:45:10,512 DEBUG    urllib3.connectionpool https://us-central1-run.googleapis.com:443 "POST /v1/projects/qwiklabs-gcp-01-517fc49314f1/locations/us-central1/operations/e61108a3-a4cf-41f7-b3dd-f0a877bf55d5:wait?alt=json HTTP/1.1" 200 None
2026-02-05 00:45:10,531 INFO     ___FILE_ONLY___ Service [[1mag-web[m] revision [[1mag-web-00003-hkc[m] has been deployed and is serving [1m100[m percent of traffic.
Service URL: [1mhttps://ag-web-338627235002.us-central1.run.app[m

2026-02-05 00:45:10,532 DEBUG    root            Chosen display Format:none
2026-02-05 00:45:10,532 INFO     root            Display format: "none"
2026-02-05 00:45:10,584 DEBUG    root            SDK update checks are disabled.
