2026-02-04 22:21:32.585 [info] Extension host with pid 3045 started
2026-02-04 22:21:32.650 [info] Lock '/home/ide-dev/.local/share/code-server/User/workspaceStorage/-7908222e/vscode.lock': Lock acquired.
2026-02-04 22:21:32.916 [info] ExtensionService#_doActivateExtension vscode.emmet, startup: false, activationEvent: 'onLanguage'
2026-02-04 22:21:32.917 [info] ExtensionService#_doActivateExtension vscode.git-base, startup: true, activationEvent: '*'
2026-02-04 22:21:33.226 [info] ExtensionService#_doActivateExtension vscode.github, startup: true, activationEvent: '*'
2026-02-04 22:21:33.496 [info] Eager extensions activated
2026-02-04 22:21:33.497 [info] ExtensionService#_doActivateExtension vscode.debug-auto-launch, startup: false, activationEvent: 'onStartupFinished'
2026-02-04 22:21:33.498 [info] ExtensionService#_doActivateExtension vscode.merge-conflict, startup: false, activationEvent: 'onStartupFinished'
2026-02-04 22:21:38.253 [info] ExtensionService#_doActivateExtension vscode.git, startup: false, activationEvent: 'api', root cause: vscode.github
2026-02-04 22:21:39.209 [warning] [Decorations] CAPPING events from decorations provider vscode.git 333
2026-02-04 22:21:39.884 [warning] [Decorations] CAPPING events from decorations provider vscode.git 333
2026-02-04 22:21:40.956 [warning] [Decorations] CAPPING events from decorations provider vscode.git 8264
2026-02-04 22:21:43.271 [warning] [Decorations] CAPPING events from decorations provider vscode.git 8264
2026-02-04 22:23:35.246 [info] ExtensionService#_doActivateExtension vscode.simple-browser, startup: false, activationEvent: 'onOpenExternalUri:https'
2026-02-04 22:30:16.988 [warning] [Decorations] CAPPING events from decorations provider vscode.git 10000
2026-02-04 22:31:17.078 [warning] [Decorations] CAPPING events from decorations provider vscode.git 333
2026-02-04 22:31:17.360 [warning] [Decorations] CAPPING events from decorations provider vscode.git 8264
2026-02-04 22:33:20.585 [info] ExtensionService#_doActivateExtension vscode.github-authentication, startup: false, activationEvent: 'onAuthenticationRequest:github'
2026-02-04 22:34:05.187 [info] ExtensionService#_doActivateExtension vscode.npm, startup: false, activationEvent: 'onTerminalQuickFixRequest:ms-vscode.npm-command'
2026-02-04 23:18:06.268 [warning] [Decorations] CAPPING events from decorations provider vscode.git 8264
2026-02-04 23:18:19.093 [warning] [Decorations] CAPPING events from decorations provider vscode.git 8264
2026-02-04 23:19:44.756 [info] ExtensionService#_doActivateExtension Dart-Code.dart-code, startup: false, activationEvent: 'onLanguage:dart'
2026-02-04 23:19:49.540 [info] ExtensionService#_doActivateExtension Dart-Code.flutter, startup: false, activationEvent: 'api', root cause: Dart-Code.dart-code
2026-02-04 23:20:33.707 [warning] [Decorations] CAPPING events from decorations provider vscode.git 8264
2026-02-04 23:22:09.202 [warning] [Decorations] CAPPING events from decorations provider vscode.git 8264
2026-02-04 23:47:35.321 [warning] [Decorations] CAPPING events from decorations provider vscode.git 8264
2026-02-04 23:47:52.816 [warning] [Decorations] CAPPING events from decorations provider vscode.git 8264
2026-02-04 23:49:28.050 [warning] [Decorations] CAPPING events from decorations provider vscode.git 8264
2026-02-04 23:50:37.583 [warning] [Decorations] CAPPING events from decorations provider vscode.git 8264
2026-02-04 23:50:51.787 [warning] [Decorations] CAPPING events from decorations provider vscode.git 8264
2026-02-04 23:58:16.878 [warning] [Decorations] CAPPING events from decorations provider vscode.git 8264
2026-02-04 23:58:32.791 [warning] [Decorations] CAPPING events from decorations provider vscode.git 8264
2026-02-05 00:06:54.026 [info] ExtensionService#_doActivateExtension vscode.configuration-editing, startup: false, activationEvent: 'onLanguage:json'
2026-02-05 00:06:54.027 [info] ExtensionService#_doActivateExtension vscode.extension-editing, startup: false, activationEvent: 'onLanguage:json'
2026-02-05 00:06:54.027 [info] ExtensionService#_doActivateExtension vscode.json-language-features, startup: false, activationEvent: 'onLanguage:json'
2026-02-05 00:08:18.681 [warning] [Decorations] CAPPING events from decorations provider vscode.git 8264
2026-02-05 00:08:34.850 [warning] [Decorations] CAPPING events from decorations provider vscode.git 8264
2026-02-05 00:15:43.831 [warning] [Decorations] CAPPING events from decorations provider vscode.git 8264
2026-02-05 00:15:54.053 [warning] [Decorations] CAPPING events from decorations provider vscode.git 8264
2026-02-05 00:24:19.703 [warning] [Decorations] CAPPING events from decorations provider vscode.git 8264
2026-02-05 00:38:28.049 [warning] [Decorations] CAPPING events from decorations provider vscode.git 8264
2026-02-05 00:38:41.320 [warning] [Decorations] CAPPING events from decorations provider vscode.git 8264
2026-02-05 00:49:02.510 [info] ExtensionService#_doActivateExtension vscode.ipynb, startup: false, activationEvent: 'onNotebookSerializer:jupyter-notebook'
2026-02-05 00:55:15.093 [warning] [Decorations] CAPPING events from decorations provider vscode.git 8264
2026-02-05 00:56:03.877 [warning] [Decorations] CAPPING events from decorations provider vscode.git 8264
2026-02-05 01:02:41.216 [warning] [Decorations] CAPPING events from decorations provider vscode.git 8264
2026-02-05 01:02:51.195 [warning] [Decorations] CAPPING events from decorations provider vscode.git 8264
